2021-12-13 18:28:09,557 [Worker-4: Loading available Gradle versions] INFO  o.e.b.c.i.u.g.PublishedGradleVersions - Gradle version information cache is up-to-date. Trying to read.
2021-12-13 18:31:05,040 [Worker-0: Loading available Gradle versions] INFO  o.e.b.c.i.u.g.PublishedGradleVersions - Gradle version information cache is up-to-date. Trying to read.
2021-12-13 18:31:49,604 [Worker-5: Building] INFO  o.e.m.c.i.l.LifecycleMappingFactory - Using org.eclipse.m2e.jdt.JarLifecycleMapping lifecycle mapping for MavenProject: com.learnmaven:mavendemo:1.0 @ C:\Users\Internet\Desktop\workspace\mavendemo\pom.xml.
2021-12-13 18:31:51,038 [Worker-5: Building] INFO  o.e.m.c.i.embedder.EclipseLogger - Using 'UTF-8' encoding to copy filtered resources.
2021-12-13 18:31:51,046 [Worker-5: Building] INFO  o.e.m.c.i.embedder.EclipseLogger - Copying 1 resource
2021-12-13 18:31:51,064 [Worker-5: Building] INFO  o.e.m.c.i.embedder.EclipseLogger - Using 'UTF-8' encoding to copy filtered resources.
2021-12-13 18:31:51,064 [Worker-5: Building] INFO  o.e.m.c.i.embedder.EclipseLogger - skip non existing resourceDirectory C:\Users\Internet\Desktop\workspace\mavendemo\src\test\resources
2021-12-13 18:31:52,266 [Worker-5: Building] INFO  o.e.m.c.i.l.LifecycleMappingFactory - Using org.maven.ide.eclipse.wtp.WarLifecycleMapping lifecycle mapping for MavenProject: com.learnmaven:mavendemo-webapp:1.0 @ C:\Users\Internet\Desktop\workspace\mavendemo-webapp\pom.xml.
2021-12-13 18:31:52,283 [Worker-5: Building] INFO  o.e.m.c.i.l.LifecycleMappingFactory - Using NULL lifecycle mapping for MavenProject: com.learnmaven:mavendemo-parent:1.0 @ C:\Users\Internet\Desktop\workspace\mavendemo-parent\pom.xml.
2021-12-13 18:31:52,333 [Worker-5: Building] INFO  o.e.m.c.i.l.LifecycleMappingFactory - Using org.eclipse.m2e.jdt.JarLifecycleMapping lifecycle mapping for MavenProject: com.learnmaven:mavendemo:1.0 @ C:\Users\Internet\Desktop\workspace\mavendemo\pom.xml.
2021-12-13 18:31:57,046 [Worker-5: Building] INFO  o.e.m.c.i.embedder.EclipseLogger - Using 'UTF-8' encoding to copy filtered resources.
2021-12-13 18:31:57,049 [Worker-5: Building] INFO  o.e.m.c.i.embedder.EclipseLogger - Copying 0 resource
2021-12-13 18:31:57,064 [Worker-5: Building] INFO  o.e.m.c.i.embedder.EclipseLogger - Using 'UTF-8' encoding to copy filtered resources.
2021-12-13 18:31:57,065 [Worker-5: Building] INFO  o.e.m.c.i.embedder.EclipseLogger - skip non existing resourceDirectory C:\Users\Internet\Desktop\workspace\mavendemo\src\test\resources
2021-12-13 18:32:01,295 [Worker-5: Building] INFO  o.e.m.c.i.embedder.EclipseLogger - Using 'UTF-8' encoding to copy filtered resources.
2021-12-13 18:32:01,297 [Worker-5: Building] INFO  o.e.m.c.i.embedder.EclipseLogger - Copying 1 resource
2021-12-13 18:32:01,346 [Worker-5: Building] INFO  o.e.m.c.i.embedder.EclipseLogger - Using 'UTF-8' encoding to copy filtered resources.
2021-12-13 18:32:01,347 [Worker-5: Building] INFO  o.e.m.c.i.embedder.EclipseLogger - skip non existing resourceDirectory C:\Users\Internet\Desktop\workspace\mavendemo-webapp\src\test\resources
2021-12-13 18:32:02,905 [Worker-8: Building] INFO  o.e.m.c.i.l.LifecycleMappingFactory - Using org.maven.ide.eclipse.wtp.WarLifecycleMapping lifecycle mapping for MavenProject: com.testmaventest:maventest-webapp:0.0.1-SNAPSHOT @ C:\Users\Internet\Desktop\workspace\maventest-webapp\pom.xml.
2021-12-13 18:32:07,469 [Worker-8: Building] INFO  o.e.m.c.i.embedder.EclipseLogger - Using 'UTF-8' encoding to copy filtered resources.
2021-12-13 18:32:07,470 [Worker-8: Building] INFO  o.e.m.c.i.embedder.EclipseLogger - skip non existing resourceDirectory C:\Users\Internet\Desktop\workspace\maventest-webapp\src\main\resources
2021-12-13 18:32:07,473 [Worker-8: Building] INFO  o.e.m.c.i.embedder.EclipseLogger - Using 'UTF-8' encoding to copy filtered resources.
2021-12-13 18:32:07,474 [Worker-8: Building] INFO  o.e.m.c.i.embedder.EclipseLogger - skip non existing resourceDirectory C:\Users\Internet\Desktop\workspace\maventest-webapp\src\test\resources
2021-12-13 18:32:10,594 [Worker-3: Building] INFO  o.e.m.c.i.embedder.EclipseLogger - Using 'UTF-8' encoding to copy filtered resources.
2021-12-13 18:32:10,596 [Worker-3: Building] INFO  o.e.m.c.i.embedder.EclipseLogger - skip non existing resourceDirectory C:\Users\Internet\Desktop\workspace\maventest-webapp\src\main\resources
2021-12-13 18:32:10,604 [Worker-3: Building] INFO  o.e.m.c.i.embedder.EclipseLogger - Using 'UTF-8' encoding to copy filtered resources.
2021-12-13 18:32:10,604 [Worker-3: Building] INFO  o.e.m.c.i.embedder.EclipseLogger - skip non existing resourceDirectory C:\Users\Internet\Desktop\workspace\maventest-webapp\src\test\resources
2021-12-13 18:32:10,814 [Worker-3: Building] INFO  o.e.m.c.i.l.LifecycleMappingFactory - Using org.maven.ide.eclipse.wtp.WarLifecycleMapping lifecycle mapping for MavenProject: com.testmaven:maventest.webapp:0.0.1-SNAPSHOT @ C:\Users\Internet\Desktop\workspace\maventest.webapp\pom.xml.
2021-12-13 18:32:10,988 [Worker-3: Building] INFO  o.e.m.c.i.embedder.EclipseLogger - Using 'UTF-8' encoding to copy filtered resources.
2021-12-13 18:32:10,991 [Worker-3: Building] INFO  o.e.m.c.i.embedder.EclipseLogger - skip non existing resourceDirectory C:\Users\Internet\Desktop\workspace\maventest.webapp\src\main\resources
2021-12-13 18:32:10,993 [Worker-3: Building] INFO  o.e.m.c.i.embedder.EclipseLogger - Using 'UTF-8' encoding to copy filtered resources.
2021-12-13 18:32:10,993 [Worker-3: Building] INFO  o.e.m.c.i.embedder.EclipseLogger - skip non existing resourceDirectory C:\Users\Internet\Desktop\workspace\maventest.webapp\src\test\resources
2021-12-13 18:43:15,786 [Worker-11: Building] INFO  o.e.m.c.i.l.LifecycleMappingFactory - Using org.maven.ide.eclipse.wtp.WarLifecycleMapping lifecycle mapping for MavenProject: com.learnmaven:mavendemo-webapp:1.0 @ C:\Users\Internet\Desktop\workspace\mavendemo-webapp\pom.xml.
2021-12-13 18:43:16,222 [Worker-11: Building] INFO  o.e.m.c.i.embedder.EclipseLogger - Using 'UTF-8' encoding to copy filtered resources.
2021-12-13 18:43:16,230 [Worker-11: Building] INFO  o.e.m.c.i.embedder.EclipseLogger - Copying 0 resource
2021-12-13 18:43:16,234 [Worker-11: Building] INFO  o.e.m.c.i.embedder.EclipseLogger - Using 'UTF-8' encoding to copy filtered resources.
2021-12-13 18:43:16,234 [Worker-11: Building] INFO  o.e.m.c.i.embedder.EclipseLogger - skip non existing resourceDirectory C:\Users\Internet\Desktop\workspace\mavendemo-webapp\src\test\resources
2021-12-13 18:43:16,235 [Worker-11: Building] INFO  o.e.m.w.i.f.ResourceFilteringBuildParticipant - Changed resources require a complete clean of filtered resources of mavendemo-webapp
2021-12-13 18:43:16,239 [Worker-11: Building] INFO  o.e.m.w.i.f.ResourceFilteringBuildParticipant - Executing resource filtering for mavendemo-webapp
2021-12-13 18:43:16,310 [Worker-11: Building] INFO  o.e.m.c.i.embedder.EclipseLogger - Using 'UTF-8' encoding to copy filtered resources.
2021-12-13 18:43:48,554 [Worker-10: Building] INFO  o.e.m.c.i.l.LifecycleMappingFactory - Using org.maven.ide.eclipse.wtp.WarLifecycleMapping lifecycle mapping for MavenProject: com.learnmaven:mavendemo-webapp:1.0 @ C:\Users\Internet\Desktop\workspace\mavendemo-webapp\pom.xml.
2021-12-13 18:43:48,846 [Worker-10: Building] INFO  o.e.m.c.i.embedder.EclipseLogger - Using 'UTF-8' encoding to copy filtered resources.
2021-12-13 18:43:48,847 [Worker-10: Building] INFO  o.e.m.c.i.embedder.EclipseLogger - Copying 0 resource
2021-12-13 18:43:48,852 [Worker-10: Building] INFO  o.e.m.c.i.embedder.EclipseLogger - Using 'UTF-8' encoding to copy filtered resources.
2021-12-13 18:43:48,852 [Worker-10: Building] INFO  o.e.m.c.i.embedder.EclipseLogger - skip non existing resourceDirectory C:\Users\Internet\Desktop\workspace\mavendemo-webapp\src\test\resources
2021-12-13 18:43:48,853 [Worker-10: Building] INFO  o.e.m.w.i.f.ResourceFilteringBuildParticipant - Changed resources require a complete clean of filtered resources of mavendemo-webapp
2021-12-13 18:43:48,853 [Worker-10: Building] INFO  o.e.m.w.i.f.ResourceFilteringBuildParticipant - Executing resource filtering for mavendemo-webapp
2021-12-13 18:43:48,863 [Worker-10: Building] INFO  o.e.m.c.i.embedder.EclipseLogger - Using 'UTF-8' encoding to copy filtered resources.
2021-12-13 18:44:27,906 [Worker-10: Building] INFO  o.e.m.c.i.l.LifecycleMappingFactory - Using org.maven.ide.eclipse.wtp.WarLifecycleMapping lifecycle mapping for MavenProject: com.learnmaven:mavendemo-webapp:1.0 @ C:\Users\Internet\Desktop\workspace\mavendemo-webapp\pom.xml.
2021-12-13 18:44:28,117 [Worker-10: Building] INFO  o.e.m.c.i.embedder.EclipseLogger - Using 'UTF-8' encoding to copy filtered resources.
2021-12-13 18:44:28,117 [Worker-10: Building] INFO  o.e.m.c.i.embedder.EclipseLogger - Copying 0 resource
2021-12-13 18:44:28,122 [Worker-10: Building] INFO  o.e.m.c.i.embedder.EclipseLogger - Using 'UTF-8' encoding to copy filtered resources.
2021-12-13 18:44:28,122 [Worker-10: Building] INFO  o.e.m.c.i.embedder.EclipseLogger - skip non existing resourceDirectory C:\Users\Internet\Desktop\workspace\mavendemo-webapp\src\test\resources
2021-12-13 18:44:28,124 [Worker-10: Building] INFO  o.e.m.w.i.f.ResourceFilteringBuildParticipant - Changed resources require a complete clean of filtered resources of mavendemo-webapp
2021-12-13 18:44:28,124 [Worker-10: Building] INFO  o.e.m.w.i.f.ResourceFilteringBuildParticipant - Executing resource filtering for mavendemo-webapp
2021-12-13 18:44:28,135 [Worker-10: Building] INFO  o.e.m.c.i.embedder.EclipseLogger - Using 'UTF-8' encoding to copy filtered resources.
2021-12-13 18:44:54,020 [Worker-11: Updating Maven Project] INFO  o.e.m.c.i.p.ProjectConfigurationManager - Update started
2021-12-13 18:44:54,150 [Worker-11: Updating Maven Project] INFO  o.e.m.c.i.l.LifecycleMappingFactory - Using org.maven.ide.eclipse.wtp.WarLifecycleMapping lifecycle mapping for MavenProject: com.learnmaven:mavendemo-webapp:1.0 @ C:\Users\Internet\Desktop\workspace\mavendemo-webapp\pom.xml.
2021-12-13 18:44:54,511 [Worker-11: Updating Maven Project] INFO  o.e.m.j.i.AbstractJavaProjectConfigurator - Adding source folder /mavendemo-webapp/src/main/java
2021-12-13 18:44:54,512 [Worker-11: Updating Maven Project] INFO  o.e.m.j.i.AbstractJavaProjectConfigurator - Adding resource folder /mavendemo-webapp/src/main/resources
2021-12-13 18:44:54,513 [Worker-11: Updating Maven Project] INFO  o.e.m.j.i.AbstractJavaProjectConfigurator - Adding source folder /mavendemo-webapp/src/test/java
2021-12-13 18:44:56,268 [Worker-11: Updating Maven Project] INFO  o.e.m.w.i.f.ResourceFilteringBuildParticipant - Cleaning filtered folder for mavendemo-webapp
2021-12-13 18:44:56,288 [Worker-11: Updating Maven Project] INFO  o.e.m.c.i.p.ProjectConfigurationManager - Update completed: 2 sec
2021-12-13 18:44:56,885 [Worker-10: Building Project mavendemo-webapp] INFO  o.e.m.c.i.embedder.EclipseLogger - Using 'UTF-8' encoding to copy filtered resources.
2021-12-13 18:44:56,887 [Worker-10: Building Project mavendemo-webapp] INFO  o.e.m.c.i.embedder.EclipseLogger - Copying 1 resource
2021-12-13 18:44:56,895 [Worker-10: Building Project mavendemo-webapp] INFO  o.e.m.c.i.embedder.EclipseLogger - Using 'UTF-8' encoding to copy filtered resources.
2021-12-13 18:44:56,895 [Worker-10: Building Project mavendemo-webapp] INFO  o.e.m.c.i.embedder.EclipseLogger - skip non existing resourceDirectory C:\Users\Internet\Desktop\workspace\mavendemo-webapp\src\test\resources
2021-12-13 18:44:56,896 [Worker-10: Building Project mavendemo-webapp] INFO  o.e.m.w.i.f.ResourceFilteringBuildParticipant - Changed resources require a complete clean of filtered resources of mavendemo-webapp
2021-12-13 18:44:56,896 [Worker-10: Building Project mavendemo-webapp] INFO  o.e.m.w.i.f.ResourceFilteringBuildParticipant - Executing resource filtering for mavendemo-webapp
2021-12-13 18:44:56,921 [Worker-10: Building Project mavendemo-webapp] INFO  o.e.m.c.i.embedder.EclipseLogger - Using 'UTF-8' encoding to copy filtered resources.
2021-12-14 10:56:05,433 [Worker-3: Loading available Gradle versions] INFO  o.e.b.c.i.u.g.PublishedGradleVersions - Gradle version information cache is out-of-date. Trying to update.
2021-12-14 11:21:43,510 [Worker-2: Loading available Gradle versions] INFO  o.e.b.c.i.u.g.PublishedGradleVersions - Gradle version information cache is up-to-date. Trying to read.
2021-12-14 11:22:05,270 [Worker-9: Building] INFO  o.e.m.c.i.embedder.EclipseLogger - Using 'UTF-8' encoding to copy filtered resources.
2021-12-14 11:22:05,287 [Worker-9: Building] INFO  o.e.m.c.i.embedder.EclipseLogger - Copying 1 resource
2021-12-14 11:22:05,306 [Worker-9: Building] INFO  o.e.m.c.i.embedder.EclipseLogger - Using 'UTF-8' encoding to copy filtered resources.
2021-12-14 11:22:05,328 [Worker-9: Building] INFO  o.e.m.c.i.embedder.EclipseLogger - skip non existing resourceDirectory C:\Users\Internet\Desktop\workspace\mavendemo\src\test\resources
2021-12-14 11:22:12,675 [Worker-11: Building] INFO  o.e.m.c.i.embedder.EclipseLogger - Using 'UTF-8' encoding to copy filtered resources.
2021-12-14 11:22:12,677 [Worker-11: Building] INFO  o.e.m.c.i.embedder.EclipseLogger - Copying 1 resource
2021-12-14 11:22:12,700 [Worker-11: Building] INFO  o.e.m.c.i.embedder.EclipseLogger - Using 'UTF-8' encoding to copy filtered resources.
2021-12-14 11:22:12,701 [Worker-11: Building] INFO  o.e.m.c.i.embedder.EclipseLogger - skip non existing resourceDirectory C:\Users\Internet\Desktop\workspace\mavendemo-webapp\src\test\resources
2021-12-14 11:22:15,018 [Worker-2: Building] INFO  o.e.m.c.i.embedder.EclipseLogger - Using 'UTF-8' encoding to copy filtered resources.
2021-12-14 11:22:15,020 [Worker-2: Building] INFO  o.e.m.c.i.embedder.EclipseLogger - Copying 0 resource
2021-12-14 11:22:15,024 [Worker-2: Building] INFO  o.e.m.c.i.embedder.EclipseLogger - Using 'UTF-8' encoding to copy filtered resources.
2021-12-14 11:22:15,025 [Worker-2: Building] INFO  o.e.m.c.i.embedder.EclipseLogger - skip non existing resourceDirectory C:\Users\Internet\Desktop\workspace\mavendemo-webapp\src\test\resources
2021-12-14 11:22:15,078 [Worker-2: Building] INFO  o.e.m.c.i.embedder.EclipseLogger - Using 'UTF-8' encoding to copy filtered resources.
2021-12-14 11:22:15,079 [Worker-2: Building] INFO  o.e.m.c.i.embedder.EclipseLogger - skip non existing resourceDirectory C:\Users\Internet\Desktop\workspace\maventest-webapp\src\main\resources
2021-12-14 11:22:15,081 [Worker-2: Building] INFO  o.e.m.c.i.embedder.EclipseLogger - Using 'UTF-8' encoding to copy filtered resources.
2021-12-14 11:22:15,082 [Worker-2: Building] INFO  o.e.m.c.i.embedder.EclipseLogger - skip non existing resourceDirectory C:\Users\Internet\Desktop\workspace\maventest-webapp\src\test\resources
2021-12-14 11:22:15,188 [Worker-2: Building] INFO  o.e.m.c.i.embedder.EclipseLogger - Using 'UTF-8' encoding to copy filtered resources.
2021-12-14 11:22:15,188 [Worker-2: Building] INFO  o.e.m.c.i.embedder.EclipseLogger - skip non existing resourceDirectory C:\Users\Internet\Desktop\workspace\maventest.webapp\src\main\resources
2021-12-14 11:22:15,190 [Worker-2: Building] INFO  o.e.m.c.i.embedder.EclipseLogger - Using 'UTF-8' encoding to copy filtered resources.
2021-12-14 11:22:15,191 [Worker-2: Building] INFO  o.e.m.c.i.embedder.EclipseLogger - skip non existing resourceDirectory C:\Users\Internet\Desktop\workspace\maventest.webapp\src\test\resources
2021-12-14 11:28:12,682 [Worker-3: Loading available Gradle versions] INFO  o.e.b.c.i.u.g.PublishedGradleVersions - Gradle version information cache is up-to-date. Trying to read.
2021-12-14 11:28:48,879 [Worker-4: Building] INFO  o.e.m.c.i.embedder.EclipseLogger - Using 'UTF-8' encoding to copy filtered resources.
2021-12-14 11:28:48,924 [Worker-4: Building] INFO  o.e.m.c.i.embedder.EclipseLogger - Copying 1 resource
2021-12-14 11:28:48,943 [Worker-4: Building] INFO  o.e.m.c.i.embedder.EclipseLogger - Using 'UTF-8' encoding to copy filtered resources.
2021-12-14 11:28:48,944 [Worker-4: Building] INFO  o.e.m.c.i.embedder.EclipseLogger - skip non existing resourceDirectory C:\Users\Internet\Desktop\workspace\mavendemo-webapp\src\test\resources
2021-12-14 11:28:51,503 [Worker-1: Building] INFO  o.e.m.c.i.embedder.EclipseLogger - Using 'UTF-8' encoding to copy filtered resources.
2021-12-14 11:28:51,508 [Worker-1: Building] INFO  o.e.m.c.i.embedder.EclipseLogger - Copying 0 resource
2021-12-14 11:28:51,511 [Worker-1: Building] INFO  o.e.m.c.i.embedder.EclipseLogger - Using 'UTF-8' encoding to copy filtered resources.
2021-12-14 11:28:51,512 [Worker-1: Building] INFO  o.e.m.c.i.embedder.EclipseLogger - skip non existing resourceDirectory C:\Users\Internet\Desktop\workspace\mavendemo-webapp\src\test\resources
2021-12-14 11:28:55,115 [Worker-1: Building] INFO  o.e.m.c.i.l.LifecycleMappingFactory - Using org.eclipse.m2e.jdt.JarLifecycleMapping lifecycle mapping for MavenProject: com.learnmaven:mavendemo:1.0 @ C:\Users\Internet\Desktop\workspace\mavendemox\pom.xml.
2021-12-14 11:28:56,777 [Worker-1: Building] INFO  o.e.m.c.i.embedder.EclipseLogger - Using 'UTF-8' encoding to copy filtered resources.
2021-12-14 11:28:56,778 [Worker-1: Building] INFO  o.e.m.c.i.embedder.EclipseLogger - Copying 1 resource
2021-12-14 11:28:56,794 [Worker-1: Building] INFO  o.e.m.c.i.embedder.EclipseLogger - Using 'UTF-8' encoding to copy filtered resources.
2021-12-14 11:28:56,794 [Worker-1: Building] INFO  o.e.m.c.i.embedder.EclipseLogger - skip non existing resourceDirectory C:\Users\Internet\Desktop\workspace\mavendemox\src\test\resources
2021-12-14 11:28:58,492 [Worker-5: Building] INFO  o.e.m.c.i.embedder.EclipseLogger - Using 'UTF-8' encoding to copy filtered resources.
2021-12-14 11:28:58,504 [Worker-5: Building] INFO  o.e.m.c.i.embedder.EclipseLogger - Copying 1 resource
2021-12-14 11:28:58,511 [Worker-5: Building] INFO  o.e.m.c.i.embedder.EclipseLogger - Using 'UTF-8' encoding to copy filtered resources.
2021-12-14 11:28:58,511 [Worker-5: Building] INFO  o.e.m.c.i.embedder.EclipseLogger - skip non existing resourceDirectory C:\Users\Internet\Desktop\workspace\mavendemox\src\test\resources
2021-12-14 11:28:58,646 [Worker-5: Building] INFO  o.e.m.c.i.embedder.EclipseLogger - Using 'UTF-8' encoding to copy filtered resources.
2021-12-14 11:28:58,647 [Worker-5: Building] INFO  o.e.m.c.i.embedder.EclipseLogger - skip non existing resourceDirectory C:\Users\Internet\Desktop\workspace\maventest-webapp\src\main\resources
2021-12-14 11:28:58,651 [Worker-5: Building] INFO  o.e.m.c.i.embedder.EclipseLogger - Using 'UTF-8' encoding to copy filtered resources.
2021-12-14 11:28:58,651 [Worker-5: Building] INFO  o.e.m.c.i.embedder.EclipseLogger - skip non existing resourceDirectory C:\Users\Internet\Desktop\workspace\maventest-webapp\src\test\resources
2021-12-14 11:28:58,716 [Worker-5: Building] INFO  o.e.m.c.i.embedder.EclipseLogger - Using 'UTF-8' encoding to copy filtered resources.
2021-12-14 11:28:58,717 [Worker-5: Building] INFO  o.e.m.c.i.embedder.EclipseLogger - skip non existing resourceDirectory C:\Users\Internet\Desktop\workspace\maventest.webapp\src\main\resources
2021-12-14 11:28:58,734 [Worker-5: Building] INFO  o.e.m.c.i.embedder.EclipseLogger - Using 'UTF-8' encoding to copy filtered resources.
2021-12-14 11:28:58,734 [Worker-5: Building] INFO  o.e.m.c.i.embedder.EclipseLogger - skip non existing resourceDirectory C:\Users\Internet\Desktop\workspace\maventest.webapp\src\test\resources
2021-12-14 11:28:59,965 [Worker-10: Building] INFO  o.e.m.c.i.embedder.EclipseLogger - Using 'UTF-8' encoding to copy filtered resources.
2021-12-14 11:28:59,966 [Worker-10: Building] INFO  o.e.m.c.i.embedder.EclipseLogger - skip non existing resourceDirectory C:\Users\Internet\Desktop\workspace\maventest.webapp\src\main\resources
2021-12-14 11:28:59,968 [Worker-10: Building] INFO  o.e.m.c.i.embedder.EclipseLogger - Using 'UTF-8' encoding to copy filtered resources.
2021-12-14 11:28:59,969 [Worker-10: Building] INFO  o.e.m.c.i.embedder.EclipseLogger - skip non existing resourceDirectory C:\Users\Internet\Desktop\workspace\maventest.webapp\src\test\resources
2021-12-14 11:29:14,023 [Worker-5: Building] INFO  o.e.m.c.i.embedder.EclipseLogger - Using 'UTF-8' encoding to copy filtered resources.
2021-12-14 11:29:14,024 [Worker-5: Building] INFO  o.e.m.c.i.embedder.EclipseLogger - Copying 0 resource
2021-12-14 11:29:14,028 [Worker-5: Building] INFO  o.e.m.c.i.embedder.EclipseLogger - Using 'UTF-8' encoding to copy filtered resources.
2021-12-14 11:29:14,029 [Worker-5: Building] INFO  o.e.m.c.i.embedder.EclipseLogger - skip non existing resourceDirectory C:\Users\Internet\Desktop\workspace\mavendemo-webapp\src\test\resources
2021-12-14 11:29:14,049 [Worker-5: Building] INFO  o.e.m.c.i.embedder.EclipseLogger - Using 'UTF-8' encoding to copy filtered resources.
2021-12-14 11:29:14,049 [Worker-5: Building] INFO  o.e.m.c.i.embedder.EclipseLogger - skip non existing resourceDirectory C:\Users\Internet\Desktop\workspace\maventest-webapp\src\main\resources
2021-12-14 11:29:14,051 [Worker-5: Building] INFO  o.e.m.c.i.embedder.EclipseLogger - Using 'UTF-8' encoding to copy filtered resources.
2021-12-14 11:29:14,051 [Worker-5: Building] INFO  o.e.m.c.i.embedder.EclipseLogger - skip non existing resourceDirectory C:\Users\Internet\Desktop\workspace\maventest-webapp\src\test\resources
2021-12-14 11:29:14,060 [Worker-5: Building] INFO  o.e.m.c.i.embedder.EclipseLogger - Using 'UTF-8' encoding to copy filtered resources.
2021-12-14 11:29:14,061 [Worker-5: Building] INFO  o.e.m.c.i.embedder.EclipseLogger - skip non existing resourceDirectory C:\Users\Internet\Desktop\workspace\maventest.webapp\src\main\resources
2021-12-14 11:29:14,064 [Worker-5: Building] INFO  o.e.m.c.i.embedder.EclipseLogger - Using 'UTF-8' encoding to copy filtered resources.
2021-12-14 11:29:14,064 [Worker-5: Building] INFO  o.e.m.c.i.embedder.EclipseLogger - skip non existing resourceDirectory C:\Users\Internet\Desktop\workspace\maventest.webapp\src\test\resources
2021-12-14 11:29:29,492 [Worker-3: Launching Executing clean in C__Users_Internet_Desktop_workspace_mavendemox] INFO  o.e.m.i.launch.MavenLaunchDelegate - C:\Users\Internet\Desktop\workspace\mavendemox
2021-12-14 11:29:29,498 [Worker-3: Launching Executing clean in C__Users_Internet_Desktop_workspace_mavendemox] INFO  o.e.m.i.launch.MavenLaunchDelegate -  mvn -B clean
2021-12-14 11:29:35,476 [Worker-4: Building] INFO  o.e.m.c.i.embedder.EclipseLogger - Using 'UTF-8' encoding to copy filtered resources.
2021-12-14 11:29:35,478 [Worker-4: Building] INFO  o.e.m.c.i.embedder.EclipseLogger - Copying 1 resource
2021-12-14 11:29:35,484 [Worker-4: Building] INFO  o.e.m.c.i.embedder.EclipseLogger - Using 'UTF-8' encoding to copy filtered resources.
2021-12-14 11:29:35,484 [Worker-4: Building] INFO  o.e.m.c.i.embedder.EclipseLogger - skip non existing resourceDirectory C:\Users\Internet\Desktop\workspace\mavendemox\src\test\resources
2021-12-14 11:33:58,465 [Worker-10: Launching mavendemo-webapp] INFO  o.e.m.i.launch.MavenLaunchDelegate - C:\Users\Internet\Desktop\workspace\mavendemo-webapp
2021-12-14 11:33:58,469 [Worker-10: Launching mavendemo-webapp] INFO  o.e.m.i.launch.MavenLaunchDelegate -  mvn -B install -U
2021-12-14 11:46:17,277 [Worker-20: Building] INFO  o.e.m.c.i.embedder.EclipseLogger - Using 'UTF-8' encoding to copy filtered resources.
2021-12-14 11:46:17,287 [Worker-20: Building] INFO  o.e.m.c.i.embedder.EclipseLogger - Copying 1 resource
2021-12-14 11:46:17,796 [Worker-20: Building] INFO  o.e.m.c.i.embedder.EclipseLogger - Using 'UTF-8' encoding to copy filtered resources.
2021-12-14 11:46:17,796 [Worker-20: Building] INFO  o.e.m.c.i.embedder.EclipseLogger - skip non existing resourceDirectory C:\Users\Internet\Desktop\workspace\mavendemo\src\test\resources
2021-12-14 11:46:17,796 [Worker-18: Updating Maven Dependencies] INFO  o.e.m.c.i.l.LifecycleMappingFactory - Using org.eclipse.m2e.jdt.JarLifecycleMapping lifecycle mapping for MavenProject: com.learnmaven:mavendemo:1.0 @ C:\Users\Internet\Desktop\workspace\mavendemo\pom.xml.
2021-12-14 11:46:19,039 [Worker-18: Building] INFO  o.e.m.c.i.embedder.EclipseLogger - Using 'UTF-8' encoding to copy filtered resources.
2021-12-14 11:46:19,044 [Worker-18: Building] INFO  o.e.m.c.i.embedder.EclipseLogger - Copying 0 resource
2021-12-14 11:46:19,048 [Worker-18: Building] INFO  o.e.m.c.i.embedder.EclipseLogger - Using 'UTF-8' encoding to copy filtered resources.
2021-12-14 11:46:19,048 [Worker-18: Building] INFO  o.e.m.c.i.embedder.EclipseLogger - skip non existing resourceDirectory C:\Users\Internet\Desktop\workspace\mavendemo\src\test\resources
2021-12-14 11:47:40,873 [main] INFO  o.e.m2e.actions.ExecutePomAction - Creating new launch configuration
2021-12-14 11:47:46,348 [Worker-20: Launching mavendemo (1)] INFO  o.e.m.i.launch.MavenLaunchDelegate - C:\Users\Internet\Desktop\workspace\mavendemo
2021-12-14 11:47:46,349 [Worker-20: Launching mavendemo (1)] INFO  o.e.m.i.launch.MavenLaunchDelegate -  mvn -B clean
2021-12-14 11:49:01,313 [Worker-21: Launching Executing clean in C__Users_Internet_Desktop_workspace_mavendemox] INFO  o.e.m.i.launch.MavenLaunchDelegate - C:\Users\Internet\Desktop\workspace\mavendemox
2021-12-14 11:49:01,315 [Worker-21: Launching Executing clean in C__Users_Internet_Desktop_workspace_mavendemox] INFO  o.e.m.i.launch.MavenLaunchDelegate -  mvn -B clean
2021-12-14 11:53:28,421 [Worker-25: Launching Executing clean in C__Users_Internet_Desktop_workspace_mavendemo-parent] INFO  o.e.m.i.launch.MavenLaunchDelegate - C:\Users\Internet\Desktop\workspace\mavendemo-parent
2021-12-14 11:53:28,427 [Worker-25: Launching Executing clean in C__Users_Internet_Desktop_workspace_mavendemo-parent] INFO  o.e.m.i.launch.MavenLaunchDelegate -  mvn -B clean
2021-12-14 11:55:57,146 [Worker-3: Building] INFO  o.e.m.c.i.l.LifecycleMappingFactory - Using org.maven.ide.eclipse.wtp.WarLifecycleMapping lifecycle mapping for MavenProject: com.testmaventest:maventest-webapp:0.0.1-SNAPSHOT @ C:\Users\Internet\Desktop\workspace\maventest-webapp\pom.xml.
2021-12-14 11:55:57,523 [Worker-3: Building] INFO  o.e.m.c.i.embedder.EclipseLogger - Using 'UTF-8' encoding to copy filtered resources.
2021-12-14 11:55:57,524 [Worker-3: Building] INFO  o.e.m.c.i.embedder.EclipseLogger - skip non existing resourceDirectory C:\Users\Internet\Desktop\workspace\maventest-webapp\src\main\resources
2021-12-14 11:55:57,528 [Worker-3: Building] INFO  o.e.m.c.i.embedder.EclipseLogger - Using 'UTF-8' encoding to copy filtered resources.
2021-12-14 11:55:57,529 [Worker-3: Building] INFO  o.e.m.c.i.embedder.EclipseLogger - skip non existing resourceDirectory C:\Users\Internet\Desktop\workspace\maventest-webapp\src\test\resources
2021-12-14 11:55:57,530 [Worker-3: Building] INFO  o.e.m.w.i.f.ResourceFilteringBuildParticipant - Changed resources require a complete clean of filtered resources of maventest-webapp
2021-12-14 11:55:57,531 [Worker-3: Building] INFO  o.e.m.w.i.f.ResourceFilteringBuildParticipant - Executing resource filtering for maventest-webapp
2021-12-14 11:55:57,559 [Worker-3: Building] INFO  o.e.m.c.i.embedder.EclipseLogger - Using 'UTF-8' encoding to copy filtered resources.
2021-12-14 11:57:42,585 [Worker-31: Building] INFO  o.e.m.c.i.embedder.EclipseLogger - Using 'UTF-8' encoding to copy filtered resources.
2021-12-14 11:57:42,598 [Worker-31: Building] INFO  o.e.m.c.i.embedder.EclipseLogger - Copying 1 resource
2021-12-14 11:57:42,673 [Worker-31: Building] INFO  o.e.m.c.i.embedder.EclipseLogger - Using 'UTF-8' encoding to copy filtered resources.
2021-12-14 11:57:42,674 [Worker-31: Building] INFO  o.e.m.c.i.embedder.EclipseLogger - skip non existing resourceDirectory C:\Users\Internet\Desktop\workspace\mavendemo-webapp\src\test\resources
2021-12-14 11:57:42,677 [Worker-31: Building] INFO  o.e.m.w.i.f.ResourceFilteringBuildParticipant - Changed resources require a complete clean of filtered resources of mavendemo-webapp
2021-12-14 11:57:42,678 [Worker-31: Building] INFO  o.e.m.w.i.f.ResourceFilteringBuildParticipant - Executing resource filtering for mavendemo-webapp
2021-12-14 11:57:42,698 [Worker-31: Building] INFO  o.e.m.c.i.embedder.EclipseLogger - Using 'UTF-8' encoding to copy filtered resources.
2021-12-14 11:58:11,486 [Worker-30: Building] INFO  o.e.m.c.i.l.LifecycleMappingFactory - Using org.eclipse.m2e.jdt.JarLifecycleMapping lifecycle mapping for MavenProject: com.learnmaven:mavendemo:1.0 @ C:\Users\Internet\Desktop\workspace\mavendemo\pom.xml.
2021-12-14 11:58:11,893 [Worker-30: Building] INFO  o.e.m.c.i.embedder.EclipseLogger - Using 'UTF-8' encoding to copy filtered resources.
2021-12-14 11:58:11,898 [Worker-30: Building] INFO  o.e.m.c.i.embedder.EclipseLogger - Copying 0 resource
2021-12-14 11:58:11,905 [Worker-30: Building] INFO  o.e.m.c.i.embedder.EclipseLogger - Using 'UTF-8' encoding to copy filtered resources.
2021-12-14 11:58:11,906 [Worker-30: Building] INFO  o.e.m.c.i.embedder.EclipseLogger - skip non existing resourceDirectory C:\Users\Internet\Desktop\workspace\mavendemo\src\test\resources
2021-12-14 12:01:28,651 [Worker-36: Building] INFO  o.e.m.c.i.l.LifecycleMappingFactory - Using org.eclipse.m2e.jdt.JarLifecycleMapping lifecycle mapping for MavenProject: com.learnmaven:mavendemo:1.0 @ C:\Users\Internet\Desktop\workspace\mavendemo\pom.xml.
2021-12-14 12:01:29,123 [Worker-36: Building] INFO  o.e.m.c.i.embedder.EclipseLogger - Using 'UTF-8' encoding to copy filtered resources.
2021-12-14 12:01:29,128 [Worker-36: Building] INFO  o.e.m.c.i.embedder.EclipseLogger - Copying 0 resource
2021-12-14 12:01:29,132 [Worker-36: Building] INFO  o.e.m.c.i.embedder.EclipseLogger - Using 'UTF-8' encoding to copy filtered resources.
2021-12-14 12:01:29,133 [Worker-36: Building] INFO  o.e.m.c.i.embedder.EclipseLogger - skip non existing resourceDirectory C:\Users\Internet\Desktop\workspace\mavendemo\src\test\resources
2021-12-14 12:01:31,122 [Worker-37: Building] INFO  o.e.m.c.i.l.LifecycleMappingFactory - Using org.maven.ide.eclipse.wtp.WarLifecycleMapping lifecycle mapping for MavenProject: com.testmaventest:maventest-webapp:0.0.1-SNAPSHOT @ C:\Users\Internet\Desktop\workspace\maventest-webapp\pom.xml.
2021-12-14 12:01:31,408 [Worker-37: Building] INFO  o.e.m.c.i.embedder.EclipseLogger - Using 'UTF-8' encoding to copy filtered resources.
2021-12-14 12:01:31,409 [Worker-37: Building] INFO  o.e.m.c.i.embedder.EclipseLogger - skip non existing resourceDirectory C:\Users\Internet\Desktop\workspace\maventest-webapp\src\main\resources
2021-12-14 12:01:31,413 [Worker-37: Building] INFO  o.e.m.c.i.embedder.EclipseLogger - Using 'UTF-8' encoding to copy filtered resources.
2021-12-14 12:01:31,414 [Worker-37: Building] INFO  o.e.m.c.i.embedder.EclipseLogger - skip non existing resourceDirectory C:\Users\Internet\Desktop\workspace\maventest-webapp\src\test\resources
2021-12-14 12:01:31,415 [Worker-37: Building] INFO  o.e.m.w.i.f.ResourceFilteringBuildParticipant - Changed resources require a complete clean of filtered resources of maventest-webapp
2021-12-14 12:01:31,416 [Worker-37: Building] INFO  o.e.m.w.i.f.ResourceFilteringBuildParticipant - Executing resource filtering for maventest-webapp
2021-12-14 12:01:31,447 [Worker-37: Building] INFO  o.e.m.c.i.embedder.EclipseLogger - Using 'UTF-8' encoding to copy filtered resources.
